#
# A fatal error has been detected by the Java Runtime Environment:
#
#  SIGSEGV (0xb) at pc=0x0000000102c919da, pid=1267, tid=140735296172416
#
# JRE version: 7.0_05-b05
# Java VM: Java HotSpot(TM) 64-Bit Server VM (23.1-b03 mixed mode bsd-amd64 compressed oops)
# Problematic frame:
# V  [libjvm.dylib+0x49a9da]
#
# Failed to write core dump. Core dumps have been disabled. To enable core dumping, try "ulimit -c unlimited" before starting Java again
#
# If you would like to submit a bug report, please visit:
#   http://bugreport.sun.com/bugreport/crash.jsp
#

---------------  T H R E A D  ---------------

Current thread is native thread

siginfo:si_signo=SIGSEGV: si_errno=0, si_code=1 (SEGV_MAPERR), si_addr=0x0000000000000250

Registers:
RAX=0x0000000000000000, RBX=0x0000000000000000, RCX=0x00007fff5d551788, RDX=0x00007f960c3814a0
RSP=0x00007fff5d5515f0, RBP=0x00007fff5d551600, RSI=0x0000000000000006, RDI=0x00007fff5d551690
R8 =0x0000000000012068, R9 =0x00007fff5d5517c0, R10=0x00007f960a5669a0, R11=0x00007f960a5666c8
R12=0x00007f960a85d9d8, R13=0x0000000000000000, R14=0x00007f960c3814a0, R15=0x00007f960a016cf8
RIP=0x0000000102c919da, EFLAGS=0x0000000000010246, ERR=0x0000000000000006
  TRAPNO=0x000000000000000e

Top of Stack: (sp=0x00007fff5d5515f0)
0x00007fff5d5515f0:   00007fff5d551788 00007f960c3814a0
0x00007fff5d551600:   00007fff5d5516c0 0000000102a92490
0x00007fff5d551610:   00007fff7c9b87d8 00007fff5d55168c
0x00007fff5d551620:   00007fff7c9b87f4 00007f960a5fc080
0x00007fff5d551630:   00007fff7c9b87f8 000000000000070b
0x00007fff5d551640:   00000001026c6400 0000000000000001
0x00007fff5d551650:   00007f960a56f250 00007f960a500002
0x00007fff5d551660:   00000001026c6400 00007f960a56f230
0x00007fff5d551670:   00007fff5d551720 00007fff93824f42
0x00007fff5d551680:   00000001026c2000 00007f960a56f520
0x00007fff5d551690:   0000000000000000 0000000160db0ad0
0x00007fff5d5516a0:   00007fff5d5517f0 00007f960a20018a
0x00007fff5d5516b0:   00007f960a85d9d8 0000000000000002
0x00007fff5d5516c0:   00007fff5d5517b0 000000015c367c18
0x00007fff5d5516d0:   00007f960a56f230 00007fff00000001
0x00007fff5d5516e0:   0000000000000000 0000000000000000
0x00007fff5d5516f0:   0000000000012068 00007fff5d5517c0
0x00007fff5d551700:   0000000000000100 00007fff5d5517bc
0x00007fff5d551710:   00007fff5d5517a0 00007fff9380e866
0x00007fff5d551720:   00007fff5d5517e0 00007fff5d5517c4
0x00007fff5d551730:   00007fff5d5517c0 0000000000000000
0x00007fff5d551740:   00007f960a566a80 00007fff5d5517bc
0x00007fff5d551750:   00007f960a566a9c 00007f960a566a98
0x00007fff5d551760:   00007f960a566aa0 0000004000012068
0x00007fff5d551770:   000000000001f99e 00007f960a566a70
0x00007fff5d551780:   00007fff5d5517f0 0000003000000010
0x00007fff5d551790:   00007fff5d5517c0 00007fff5d5516d0
0x00007fff5d5517a0:   0000000000000000 00007f960a566a80
0x00007fff5d5517b0:   00007fff5d5517d0 0000000160d46849
0x00007fff5d5517c0:   00007fff5d5517d0 00007f960a566a70
0x00007fff5d5517d0:   00007fff5d5517e0 00007fff94b150c7
0x00007fff5d5517e0:   00007fff5d551870 00007fff94b15031 

Instructions: (pc=0x0000000102c919da)
0x0000000102c919ba:   07 48 83 c4 08 5b 5d c3 31 f6 48 83 c4 08 5b 5d
0x0000000102c919ca:   e9 0d af fd ff 90 55 48 89 e5 41 56 53 48 8b 1f
0x0000000102c919da:   c7 83 50 02 00 00 05 00 00 00 48 8d 05 8d 1c 29
0x0000000102c919ea:   00 83 38 02 7c 37 48 8d 05 11 4b 20 00 80 38 00 

Register to memory mapping:

RAX=0x0000000000000000 is an unknown value
RBX=0x0000000000000000 is an unknown value
RCX=0x00007fff5d551788 is an unknown value
RDX=0x00007f960c3814a0 is a weak global jni handle
RSP=0x00007fff5d5515f0 is an unknown value
RBP=0x00007fff5d551600 is an unknown value
RSI=0x0000000000000006 is an unknown value
RDI=0x00007fff5d551690 is an unknown value
R8 =0x0000000000012068 is an unknown value
R9 =0x00007fff5d5517c0 is an unknown value
R10=0x00007f960a5669a0 is an unknown value
R11=0x00007f960a5666c8 is an unknown value
R12=0x00007f960a85d9d8 is an unknown value
R13=0x0000000000000000 is an unknown value
R14=0x00007f960c3814a0 is a weak global jni handle
R15=0x00007f960a016cf8 is a global jni handle


Stack: [0x00007fff5cd54000,0x00007fff5d554000],  sp=0x00007fff5d5515f0,  free space=8181k
Native frames: (J=compiled Java code, j=interpreted, Vv=VM code, C=native code)
V  [libjvm.dylib+0x49a9da]
V  [libjvm.dylib+0x29b490]
C  [JavaNativeFoundation+0x3c18]  JNFCallStaticVoidMethod+0xae
C  [liblwawt.dylib+0xd849]  setBusy+0x79
C  [CoreFoundation+0x5a0c7]  __CFRUNLOOP_IS_CALLING_OUT_TO_AN_OBSERVER_CALLBACK_FUNCTION__+0x17
C  [CoreFoundation+0x5a031]  __CFRunLoopDoObservers+0x171
C  [CoreFoundation+0x35571]  __CFRunLoopRun+0x3a1
C  [CoreFoundation+0x34dd2]  CFRunLoopRunSpecific+0x122
C  [java+0x74bc]  CreateExecutionEnvironment+0x367
C  [java+0x1cac]  JLI_Launch+0x7a0
C  [java+0x7819]  main+0x65
C  [java+0x1504]  start+0x34


---------------  P R O C E S S  ---------------

VM state:not at safepoint (normal execution)

VM Mutex/Monitor currently owned by a thread: None

Heap
 PSYoungGen      total 22656K, used 10407K [0x000000013df40000, 0x000000013f880000, 0x0000000157340000)
  eden space 19456K, 40% used [0x000000013df40000,0x000000013e702f68,0x000000013f240000)
  from space 3200K, 76% used [0x000000013f240000,0x000000013f4a7020,0x000000013f560000)
  to   space 3200K, 0% used [0x000000013f560000,0x000000013f560000,0x000000013f880000)
 ParOldGen       total 51712K, used 8K [0x000000010b740000, 0x000000010e9c0000, 0x000000013df40000)
  object space 51712K, 0% used [0x000000010b740000,0x000000010b742000,0x000000010e9c0000)
 PSPermGen       total 21248K, used 11575K [0x0000000106540000, 0x0000000107a00000, 0x000000010b740000)
  object space 21248K, 54% used [0x0000000106540000,0x000000010708dd60,0x0000000107a00000)

Code Cache  [0x000000010346d000, 0x00000001036dd000, 0x000000010646d000)
 total_blobs=504 nmethods=97 adapters=359 free_code_cache=48341Kb largest_free_block=49472768

Compilation events (10 events):
Event: 1.105 Thread 0x00007f960a829000   92             java.nio.charset.CharsetEncoder::implReset (1 bytes)
Event: 1.105 Thread 0x00007f960a829000 nmethod 92 0x0000000103516d50 code [0x0000000103516e80, 0x0000000103516ed8]
Event: 1.105 Thread 0x00007f960a829000   93             java.util.zip.ZipFile::ensureOpen (37 bytes)
Event: 1.106 Thread 0x00007f960a829000 nmethod 93 0x0000000103523e10 code [0x0000000103523f60, 0x0000000103523ff8]
Event: 1.106 Thread 0x00007f960a829000   94             java.util.zip.ZipCoder::getBytes (192 bytes)
Event: 1.113 Thread 0x00007f960a829000 nmethod 94 0x0000000103532250 code [0x0000000103532480, 0x0000000103532c60]
Event: 1.113 Thread 0x00007f960a829000   95             java.util.zip.ZipCoder::encoder (35 bytes)
Event: 1.114 Thread 0x00007f960a829000 nmethod 95 0x0000000103523990 code [0x0000000103523b00, 0x0000000103523c68]
Event: 1.135 Thread 0x00007f960a827800 nmethod 2% 0x0000000103537890 code [0x0000000103537e80, 0x000000010353a9d0]
Event: 1.135 Thread 0x00007f960a829000   97             sun.misc.URLClassPath::getResource (74 bytes)

GC Heap History (2 events):
Event: 0.748 GC heap before
{Heap before GC invocations=1 (full 0):
 PSYoungGen      total 22656K, used 19456K [0x000000013df40000, 0x000000013f880000, 0x0000000157340000)
  eden space 19456K, 100% used [0x000000013df40000,0x000000013f240000,0x000000013f240000)
  from space 3200K, 0% used [0x000000013f560000,0x000000013f560000,0x000000013f880000)
  to   space 3200K, 0% used [0x000000013f240000,0x000000013f240000,0x000000013f560000)
 ParOldGen       total 51712K, used 0K [0x000000010b740000, 0x000000010e9c0000, 0x000000013df40000)
  object space 51712K, 0% used [0x000000010b740000,0x000000010b740000,0x000000010e9c0000)
 PSPermGen       total 21248K, used 8713K [0x0000000106540000, 0x0000000107a00000, 0x000000010b740000)
  object space 21248K, 41% used [0x0000000106540000,0x0000000106dc2690,0x0000000107a00000)
Event: 0.752 GC heap after
Heap after GC invocations=1 (full 0):
 PSYoungGen      total 22656K, used 2460K [0x000000013df40000, 0x000000013f880000, 0x0000000157340000)
  eden space 19456K, 0% used [0x000000013df40000,0x000000013df40000,0x000000013f240000)
  from space 3200K, 76% used [0x000000013f240000,0x000000013f4a7020,0x000000013f560000)
  to   space 3200K, 0% used [0x000000013f560000,0x000000013f560000,0x000000013f880000)
 ParOldGen       total 51712K, used 8K [0x000000010b740000, 0x000000010e9c0000, 0x000000013df40000)
  object space 51712K, 0% used [0x000000010b740000,0x000000010b742000,0x000000010e9c0000)
 PSPermGen       total 21248K, used 8713K [0x0000000106540000, 0x0000000107a00000, 0x000000010b740000)
  object space 21248K, 41% used [0x0000000106540000,0x0000000106dc2690,0x0000000107a00000)
}

Deoptimization events (10 events):
Event: 0.178 Thread 0x00007f960b8a4000 Uncommon trap -12 fr.pc 0x00000001034d5004
Event: 0.648 Thread 0x00007f960a85d800 Uncommon trap -83 fr.pc 0x00000001034fa148
Event: 0.697 Thread 0x00007f960a85d800 Uncommon trap -58 fr.pc 0x00000001034e1468
Event: 0.697 Thread 0x00007f960a85d800 Uncommon trap -58 fr.pc 0x00000001034e1468
Event: 0.697 Thread 0x00007f960a85d800 Uncommon trap -58 fr.pc 0x00000001034e1468
Event: 0.697 Thread 0x00007f960a85d800 Uncommon trap -58 fr.pc 0x00000001034e1468
Event: 0.785 Thread 0x00007f960a85d800 Uncommon trap -83 fr.pc 0x00000001034eee14
Event: 0.785 Thread 0x00007f960a85d800 Uncommon trap -34 fr.pc 0x00000001034f2840
Event: 0.788 Thread 0x00007f960a85d800 Uncommon trap -34 fr.pc 0x00000001034f2840
Event: 0.954 Thread 0x00007f960a85d800 Uncommon trap 51 fr.pc 0x0000000103508ef0

Internal exceptions (10 events):
Event: 1.135 Thread 0x00007f960a85d800 Threw 0x000000013e62e4b0 at /HUDSON/workspace/jdk7u5-2-build-macosx-amd64-product/jdk7u5/hotspot/src/share/vm/prims/jvm.cpp:1166
Event: 1.135 Thread 0x00007f960a85d800 Threw 0x000000013e632188 at /HUDSON/workspace/jdk7u5-2-build-macosx-amd64-product/jdk7u5/hotspot/src/share/vm/prims/jvm.cpp:1166
Event: 1.136 Thread 0x00007f960a85d800 Threw 0x000000013e635a40 at /HUDSON/workspace/jdk7u5-2-build-macosx-amd64-product/jdk7u5/hotspot/src/share/vm/prims/jvm.cpp:1166
Event: 1.136 Thread 0x00007f960a85d800 Threw 0x000000013e638680 at /HUDSON/workspace/jdk7u5-2-build-macosx-amd64-product/jdk7u5/hotspot/src/share/vm/prims/jvm.cpp:1166
Event: 1.137 Thread 0x00007f960a85d800 Threw 0x000000013e63b380 at /HUDSON/workspace/jdk7u5-2-build-macosx-amd64-product/jdk7u5/hotspot/src/share/vm/prims/jvm.cpp:1166
Event: 1.147 Thread 0x00007f9609853800 Threw 0x000000013e64f530 at /HUDSON/workspace/jdk7u5-2-build-macosx-amd64-product/jdk7u5/hotspot/src/share/vm/prims/jvm.cpp:1166
Event: 1.148 Thread 0x00007f9609853800 Threw 0x000000013e653200 at /HUDSON/workspace/jdk7u5-2-build-macosx-amd64-product/jdk7u5/hotspot/src/share/vm/prims/jvm.cpp:1166
Event: 1.148 Thread 0x00007f9609853800 Threw 0x000000013e657500 at /HUDSON/workspace/jdk7u5-2-build-macosx-amd64-product/jdk7u5/hotspot/src/share/vm/prims/jvm.cpp:1166
Event: 1.149 Thread 0x00007f9609853800 Threw 0x000000013e65b428 at /HUDSON/workspace/jdk7u5-2-build-macosx-amd64-product/jdk7u5/hotspot/src/share/vm/prims/jvm.cpp:1166
Event: 1.151 Thread 0x00007f960a85d800 Threw 0x000000013e63f1d0 at /HUDSON/workspace/jdk7u5-2-build-macosx-amd64-product/jdk7u5/hotspot/src/share/vm/prims/jvm.cpp:1166

Events (10 events):
Event: 1.151 Thread 0x00007f960b8a4000 Thread exited: 0x00007f960b8a4000
Event: 1.151 loading class 0x00007f960a223a60
Event: 1.151 loading class 0x00007f960a223d10
Event: 1.151 loading class 0x00007f960a223d10 done
Event: 1.152 loading class 0x00007f960a223a60 done
Event: 1.152 loading class 0x00007f960a56c030
Event: 1.152 loading class 0x00007f960a56c030 done
Event: 1.152 Thread 0x00007f960b001000 Thread exited: 0x00007f960b001000
Event: 1.152 Thread 0x00007f960b001000 Thread added: 0x00007f960b001000
Event: 1.156 Thread 0x00007f960a85d800 Thread exited: 0x00007f960a85d800


Dynamic libraries:
0x000000000c70e000 	/System/Library/Frameworks/Cocoa.framework/Versions/A/Cocoa
0x000000000c70e000 	/System/Library/Frameworks/Security.framework/Versions/A/Security
0x000000000c70e000 	/System/Library/Frameworks/ApplicationServices.framework/Versions/A/ApplicationServices
0x000000000c70e000 	/usr/lib/libz.1.dylib
0x000000000c70e000 	/usr/lib/libSystem.B.dylib
0x000000000c70e000 	/usr/lib/libobjc.A.dylib
0x000000000c70e000 	/System/Library/Frameworks/CoreFoundation.framework/Versions/A/CoreFoundation
0x000000000c70e000 	/System/Library/Frameworks/AppKit.framework/Versions/C/AppKit
0x000000000c70e000 	/System/Library/Frameworks/CoreData.framework/Versions/A/CoreData
0x000000000c70e000 	/System/Library/Frameworks/Foundation.framework/Versions/C/Foundation
0x000000000c70e000 	/System/Library/PrivateFrameworks/RemoteViewServices.framework/Versions/A/RemoteViewServices
0x000000000c70e000 	/System/Library/Frameworks/AudioToolbox.framework/Versions/A/AudioToolbox
0x000000000c70e000 	/System/Library/Frameworks/AudioUnit.framework/Versions/A/AudioUnit
0x000000000c70e000 	/System/Library/PrivateFrameworks/DataDetectorsCore.framework/Versions/A/DataDetectorsCore
0x000000000c70e000 	/System/Library/PrivateFrameworks/DesktopServicesPriv.framework/Versions/A/DesktopServicesPriv
0x000000000c70e000 	/System/Library/Frameworks/Carbon.framework/Versions/A/Frameworks/HIToolbox.framework/Versions/A/HIToolbox
0x000000000c70e000 	/System/Library/Frameworks/QuartzCore.framework/Versions/A/QuartzCore
0x000000000c70e000 	/System/Library/Frameworks/Carbon.framework/Versions/A/Frameworks/SpeechRecognition.framework/Versions/A/SpeechRecognition
0x000000000c70e000 	/usr/lib/libauto.dylib
0x000000000c70e000 	/usr/lib/libicucore.A.dylib
0x000000000c70e000 	/usr/lib/libxml2.2.dylib
0x000000000c70e000 	/System/Library/PrivateFrameworks/CoreUI.framework/Versions/A/CoreUI
0x000000000c70e000 	/System/Library/Frameworks/CoreAudio.framework/Versions/A/CoreAudio
0x000000000c70e000 	/System/Library/Frameworks/DiskArbitration.framework/Versions/A/DiskArbitration
0x000000000c70e000 	/usr/lib/liblangid.dylib
0x000000000c70e000 	/System/Library/PrivateFrameworks/MultitouchSupport.framework/Versions/A/MultitouchSupport
0x000000000c70e000 	/System/Library/Frameworks/IOKit.framework/Versions/A/IOKit
0x000000000c70e000 	/usr/lib/libDiagnosticMessagesClient.dylib
0x000000000c70e000 	/System/Library/Frameworks/CoreServices.framework/Versions/A/CoreServices
0x000000000c70e000 	/System/Library/PrivateFrameworks/PerformanceAnalysis.framework/Versions/A/PerformanceAnalysis
0x000000000c70e000 	/System/Library/PrivateFrameworks/GenerationalStorage.framework/Versions/A/GenerationalStorage
0x000000000c70e000 	/System/Library/Frameworks/OpenGL.framework/Versions/A/OpenGL
0x000000000c70e000 	/System/Library/Frameworks/CoreText.framework/Versions/A/CoreText
0x000000000c70e000 	/System/Library/Frameworks/ImageIO.framework/Versions/A/ImageIO
0x000000000c70e000 	/System/Library/PrivateFrameworks/Backup.framework/Versions/A/Backup
0x000000000c70e000 	/System/Library/Frameworks/CFNetwork.framework/Versions/A/CFNetwork
0x000000000c70e000 	/System/Library/Frameworks/SystemConfiguration.framework/Versions/A/SystemConfiguration
0x000000000c70e000 	/usr/lib/libCRFSuite.dylib
0x000000000c70e000 	/System/Library/PrivateFrameworks/TCC.framework/Versions/A/TCC
0x000000000c70e000 	/usr/lib/libc++.1.dylib
0x000000000c70e000 	/usr/lib/libc++abi.dylib
0x000000000c70e000 	/usr/lib/system/libcache.dylib
0x000000000c70e000 	/usr/lib/system/libcommonCrypto.dylib
0x000000000c70e000 	/usr/lib/system/libcompiler_rt.dylib
0x000000000c70e000 	/usr/lib/system/libcopyfile.dylib
0x000000000c70e000 	/usr/lib/system/libdispatch.dylib
0x000000000c70e000 	/usr/lib/system/libdnsinfo.dylib
0x000000000c70e000 	/usr/lib/system/libdyld.dylib
0x000000000c70e000 	/usr/lib/system/libkeymgr.dylib
0x000000000c70e000 	/usr/lib/system/liblaunch.dylib
0x000000000c70e000 	/usr/lib/system/libmacho.dylib
0x000000000c70e000 	/usr/lib/system/libquarantine.dylib
0x000000000c70e000 	/usr/lib/system/libremovefile.dylib
0x000000000c70e000 	/usr/lib/system/libsystem_blocks.dylib
0x000000000c70e000 	/usr/lib/system/libsystem_c.dylib
0x000000000c70e000 	/usr/lib/system/libsystem_dnssd.dylib
0x000000000c70e000 	/usr/lib/system/libsystem_info.dylib
0x000000000c70e000 	/usr/lib/system/libsystem_kernel.dylib
0x000000000c70e000 	/usr/lib/system/libsystem_m.dylib
0x000000000c70e000 	/usr/lib/system/libsystem_network.dylib
0x000000000c70e000 	/usr/lib/system/libsystem_notify.dylib
0x000000000c70e000 	/usr/lib/system/libsystem_sandbox.dylib
0x000000000c70e000 	/usr/lib/system/libunc.dylib
0x000000000c70e000 	/usr/lib/system/libunwind.dylib
0x000000000c70e000 	/usr/lib/system/libxpc.dylib
0x000000000c70e000 	/usr/lib/system/libcorecrypto.dylib
0x000000000c70e000 	/usr/lib/libstdc++.6.dylib
0x000000000c70e000 	/usr/lib/libbsm.0.dylib
0x000000000c70e000 	/usr/lib/libsqlite3.dylib
0x000000000c70e000 	/usr/lib/libxar.1.dylib
0x000000000c70e000 	/usr/lib/libpam.2.dylib
0x000000000c70e000 	/usr/lib/libOpenScriptingUtil.dylib
0x000000000c70e000 	/usr/lib/libbz2.1.0.dylib
0x000000000c70e000 	/System/Library/Frameworks/CoreServices.framework/Versions/A/Frameworks/CarbonCore.framework/Versions/A/CarbonCore
0x000000000c70e000 	/System/Library/Frameworks/CoreServices.framework/Versions/A/Frameworks/Metadata.framework/Versions/A/Metadata
0x000000000c70e000 	/System/Library/Frameworks/CoreServices.framework/Versions/A/Frameworks/OSServices.framework/Versions/A/OSServices
0x000000000c70e000 	/System/Library/Frameworks/CoreServices.framework/Versions/A/Frameworks/SearchKit.framework/Versions/A/SearchKit
0x000000000c70e000 	/System/Library/Frameworks/CoreServices.framework/Versions/A/Frameworks/AE.framework/Versions/A/AE
0x000000000c70e000 	/System/Library/Frameworks/CoreServices.framework/Versions/A/Frameworks/LaunchServices.framework/Versions/A/LaunchServices
0x000000000c70e000 	/System/Library/Frameworks/CoreServices.framework/Versions/A/Frameworks/DictionaryServices.framework/Versions/A/DictionaryServices
0x000000000c70e000 	/System/Library/Frameworks/NetFS.framework/Versions/A/NetFS
0x000000000c70e000 	/usr/lib/system/libkxld.dylib
0x000000000c70e000 	/System/Library/PrivateFrameworks/NetAuth.framework/Versions/A/NetAuth
0x000000000c70e000 	/System/Library/Frameworks/OpenDirectory.framework/Versions/A/Frameworks/CFOpenDirectory.framework/Versions/A/CFOpenDirectory
0x000000000c70e000 	/usr/lib/libxslt.1.dylib
0x000000000c70e000 	/System/Library/PrivateFrameworks/FamilyControls.framework/Versions/A/FamilyControls
0x000000000c70e000 	/System/Library/Frameworks/Carbon.framework/Versions/A/Frameworks/Ink.framework/Versions/A/Ink
0x000000000c70e000 	/System/Library/Frameworks/ApplicationServices.framework/Versions/A/Frameworks/CoreGraphics.framework/Versions/A/CoreGraphics
0x000000000c70e000 	/System/Library/Frameworks/ApplicationServices.framework/Versions/A/Frameworks/ATS.framework/Versions/A/ATS
0x000000000c70e000 	/System/Library/Frameworks/ApplicationServices.framework/Versions/A/Frameworks/ColorSync.framework/Versions/A/ColorSync
0x000000000c70e000 	/System/Library/Frameworks/ApplicationServices.framework/Versions/A/Frameworks/HIServices.framework/Versions/A/HIServices
0x000000000c70e000 	/System/Library/Frameworks/ApplicationServices.framework/Versions/A/Frameworks/LangAnalysis.framework/Versions/A/LangAnalysis
0x000000000c70e000 	/System/Library/Frameworks/ApplicationServices.framework/Versions/A/Frameworks/PrintCore.framework/Versions/A/PrintCore
0x000000000c70e000 	/System/Library/Frameworks/ApplicationServices.framework/Versions/A/Frameworks/QD.framework/Versions/A/QD
0x000000000c70e000 	/System/Library/Frameworks/ApplicationServices.framework/Versions/A/Frameworks/SpeechSynthesis.framework/Versions/A/SpeechSynthesis
0x000000000c70e000 	/System/Library/Frameworks/IOSurface.framework/Versions/A/IOSurface
0x000000000c70e000 	/System/Library/Frameworks/Accelerate.framework/Versions/A/Accelerate
0x000000000c70e000 	/System/Library/Frameworks/ApplicationServices.framework/Versions/A/Frameworks/ATS.framework/Versions/A/Resources/libFontParser.dylib
0x000000000c70e000 	/System/Library/Frameworks/ApplicationServices.framework/Versions/A/Frameworks/ATS.framework/Versions/A/Resources/libFontRegistry.dylib
0x000000000c70e000 	/System/Library/Frameworks/Accelerate.framework/Versions/A/Frameworks/vImage.framework/Versions/A/vImage
0x000000000c70e000 	/System/Library/Frameworks/Accelerate.framework/Versions/A/Frameworks/vecLib.framework/Versions/A/vecLib
0x000000000c70e000 	/System/Library/Frameworks/Accelerate.framework/Versions/A/Frameworks/vecLib.framework/Versions/A/libvDSP.dylib
0x000000000c70e000 	/System/Library/Frameworks/Accelerate.framework/Versions/A/Frameworks/vecLib.framework/Versions/A/libvMisc.dylib
0x000000000c70e000 	/System/Library/Frameworks/Accelerate.framework/Versions/A/Frameworks/vecLib.framework/Versions/A/libLAPACK.dylib
0x000000000c70e000 	/System/Library/Frameworks/Accelerate.framework/Versions/A/Frameworks/vecLib.framework/Versions/A/libBLAS.dylib
0x000000000c70e000 	/System/Library/Frameworks/ImageIO.framework/Versions/A/Resources/libJPEG.dylib
0x000000000c70e000 	/System/Library/Frameworks/ImageIO.framework/Versions/A/Resources/libTIFF.dylib
0x000000000c70e000 	/System/Library/Frameworks/ImageIO.framework/Versions/A/Resources/libPng.dylib
0x000000000c70e000 	/System/Library/Frameworks/ImageIO.framework/Versions/A/Resources/libGIF.dylib
0x000000000c70e000 	/System/Library/Frameworks/ImageIO.framework/Versions/A/Resources/libJP2.dylib
0x000000000c70e000 	/System/Library/Frameworks/ImageIO.framework/Versions/A/Resources/libRadiance.dylib
0x000000000c70e000 	/usr/lib/libcups.2.dylib
0x000000000c70e000 	/System/Library/Frameworks/Kerberos.framework/Versions/A/Kerberos
0x000000000c70e000 	/System/Library/Frameworks/GSS.framework/Versions/A/GSS
0x000000000c70e000 	/usr/lib/libresolv.9.dylib
0x000000000c70e000 	/usr/lib/libiconv.2.dylib
0x000000000c70e000 	/System/Library/PrivateFrameworks/Heimdal.framework/Versions/A/Heimdal
0x000000000c70e000 	/System/Library/PrivateFrameworks/TrustEvaluationAgent.framework/Versions/A/TrustEvaluationAgent
0x000000000c70e000 	/System/Library/Frameworks/OpenDirectory.framework/Versions/A/OpenDirectory
0x000000000c70e000 	/System/Library/PrivateFrameworks/CommonAuth.framework/Versions/A/CommonAuth
0x000000000c70e000 	/System/Library/PrivateFrameworks/Bom.framework/Versions/A/Bom
0x000000000c70e000 	/System/Library/Frameworks/CoreVideo.framework/Versions/A/CoreVideo
0x000000000c70e000 	/System/Library/Frameworks/QuartzCore.framework/Versions/A/Frameworks/CoreImage.framework/Versions/A/CoreImage
0x000000000c70e000 	/System/Library/Frameworks/QuartzCore.framework/Versions/A/Frameworks/ScalableUserInterface.framework/Versions/A/ScalableUserInterface
0x000000000c70e000 	/System/Library/Frameworks/OpenGL.framework/Versions/A/Libraries/libGLU.dylib
0x000000000c70e000 	/System/Library/Frameworks/OpenGL.framework/Versions/A/Libraries/libGFXShared.dylib
0x000000000c70e000 	/System/Library/Frameworks/OpenGL.framework/Versions/A/Libraries/libGL.dylib
0x000000000c70e000 	/System/Library/Frameworks/OpenGL.framework/Versions/A/Libraries/libGLImage.dylib
0x000000000c70e000 	/System/Library/Frameworks/OpenGL.framework/Versions/A/Libraries/libCVMSPluginSupport.dylib
0x000000000c70e000 	/System/Library/Frameworks/OpenGL.framework/Versions/A/Libraries/libCoreVMClient.dylib
0x000000000c70e000 	/System/Library/PrivateFrameworks/CrashReporterSupport.framework/Versions/A/CrashReporterSupport
0x000000000c70e000 	/System/Library/Frameworks/OpenCL.framework/Versions/A/OpenCL
0x000000000c70e000 	/System/Library/PrivateFrameworks/FaceCoreLight.framework/Versions/A/FaceCoreLight
0x000000000c70e000 	/System/Library/PrivateFrameworks/AppleFSCompression.framework/Versions/A/AppleFSCompression
0x000000000c70e000 	/System/Library/PrivateFrameworks/Ubiquity.framework/Versions/A/Ubiquity
0x000000000c70e000 	/System/Library/Frameworks/ServiceManagement.framework/Versions/A/ServiceManagement
0x000000000c70e000 	/System/Library/PrivateFrameworks/ChunkingLibrary.framework/Versions/A/ChunkingLibrary
0x000000000c70e000 	/System/Library/Frameworks/vecLib.framework/Versions/A/vecLib
0x000000000c70e000 	/System/Library/Frameworks/SecurityFoundation.framework/Versions/A/SecurityFoundation
0x000000000c70e000 	/System/Library/PrivateFrameworks/CommerceKit.framework/Versions/A/Frameworks/CommerceCore.framework/Versions/A/CommerceCore
0x000000000c70e000 	/System/Library/PrivateFrameworks/CoreSymbolication.framework/Versions/A/CoreSymbolication
0x000000000c70e000 	/System/Library/PrivateFrameworks/Symbolication.framework/Versions/A/Symbolication
0x000000000c70e000 	/System/Library/PrivateFrameworks/DebugSymbols.framework/Versions/A/DebugSymbols
0x0000000047df3000 	/System/Library/CoreServices/Encodings/libJapaneseConverter.dylib
0x00000001027f7000 	/Library/Java/JavaVirtualMachines/1.7.0.jdk/Contents/Home/jre/lib/server/libjvm.dylib
0x000000010339a000 	/Library/Java/JavaVirtualMachines/1.7.0.jdk/Contents/Home/jre/lib/libverify.dylib
0x00000001033a7000 	/Library/Java/JavaVirtualMachines/1.7.0.jdk/Contents/Home/jre/lib/libjava.dylib
0x0000000103464000 	/Library/Java/JavaVirtualMachines/1.7.0.jdk/Contents/Home/jre/lib/libzip.dylib
0x000000015c34c000 	/System/Library/Frameworks/JavaVM.framework/Frameworks/JavaRuntimeSupport.framework/JavaRuntimeSupport
0x000000015c364000 	/System/Library/Frameworks/JavaVM.framework/Versions/A/Frameworks/JavaNativeFoundation.framework/Versions/A/JavaNativeFoundation
0x000000015c379000 	/System/Library/Frameworks/JavaVM.framework/Versions/A/JavaVM
0x000000000c70e000 	/System/Library/Frameworks/Carbon.framework/Versions/A/Carbon
0x000000015c386000 	/System/Library/PrivateFrameworks/JavaLaunching.framework/Versions/A/JavaLaunching
0x000000000c70e000 	/System/Library/Frameworks/Carbon.framework/Versions/A/Frameworks/CommonPanels.framework/Versions/A/CommonPanels
0x000000000c70e000 	/System/Library/Frameworks/Carbon.framework/Versions/A/Frameworks/Help.framework/Versions/A/Help
0x000000000c70e000 	/System/Library/Frameworks/Carbon.framework/Versions/A/Frameworks/ImageCapture.framework/Versions/A/ImageCapture
0x000000000c70e000 	/System/Library/Frameworks/Carbon.framework/Versions/A/Frameworks/OpenScripting.framework/Versions/A/OpenScripting
0x000000000c70e000 	/System/Library/Frameworks/Carbon.framework/Versions/A/Frameworks/Print.framework/Versions/A/Print
0x000000000c70e000 	/System/Library/Frameworks/Carbon.framework/Versions/A/Frameworks/SecurityHI.framework/Versions/A/SecurityHI
0x000000015ccec000 	/System/Library/javafx-sdk2.2.0-beta/rt/lib/libprism-es2.dylib
0x000000015cd59000 	/System/Library/Frameworks/OpenGL.framework/Resources/GLEngine.bundle/GLEngine
0x000000015cf47000 	/System/Library/Frameworks/OpenGL.framework/Versions/A/Libraries/libGLProgrammability.dylib
0x000000015d0bc000 	/System/Library/Extensions/AppleIntelHD4000GraphicsGLDriver.bundle/Contents/MacOS/AppleIntelHD4000GraphicsGLDriver
0x000000015d69e000 	/System/Library/PrivateFrameworks/GPUSupport.framework/Versions/A/Libraries/libGPUSupport.dylib
0x000000015d6b3000 	/System/Library/Frameworks/OpenGL.framework/Resources//GLRendererFloat.bundle/GLRendererFloat
0x000000015d6e9000 	/System/Library/Frameworks/OpenCL.framework/Versions/A/Libraries/libcldcpuengine.dylib
0x000000000c70e000 	/System/Library/PrivateFrameworks/DiskImages.framework/Versions/A/DiskImages
0x000000015d6f8000 	/System/Library/Frameworks/OpenGL.framework/Versions/A/Libraries/libCoreFSCache.dylib
0x000000000c70e000 	/System/Library/Frameworks/DiscRecording.framework/Versions/A/DiscRecording
0x000000000c70e000 	/usr/lib/libcurl.4.dylib
0x000000000c70e000 	/System/Library/PrivateFrameworks/MediaKit.framework/Versions/A/MediaKit
0x000000000c70e000 	/usr/lib/libssl.0.9.8.dylib
0x000000000c70e000 	/usr/lib/libcrypto.0.9.8.dylib
0x000000000c70e000 	/System/Library/Frameworks/LDAP.framework/Versions/A/LDAP
0x000000000c70e000 	/usr/lib/libsasl2.2.dylib
0x000000015da52000 	/System/Library/javafx-sdk2.2.0-beta/rt/lib/libglass.dylib
0x000000000c70e000 	/System/Library/PrivateFrameworks/CoreServicesInternal.framework/Versions/A/CoreServicesInternal
0x000000000c70e000 	/System/Library/PrivateFrameworks/Librarian.framework/Versions/A/Librarian
0x000000000c70e000 	/System/Library/CoreServices/RawCamera.bundle/Contents/MacOS/RawCamera
0x000000000c70e000 	/System/Library/Frameworks/ApplicationServices.framework/Versions/A/Frameworks/CoreGraphics.framework/Versions/A/Resources/libCSync.A.dylib
0x000000000c70e000 	/System/Library/Frameworks/ApplicationServices.framework/Versions/A/Frameworks/CoreGraphics.framework/Versions/A/Resources/libRIP.A.dylib
0x000000015cbd0000 	/Library/Java/JavaVirtualMachines/1.7.0.jdk/Contents/Home/jre/lib/libnio.dylib
0x000000015f0ba000 	/Library/Java/JavaVirtualMachines/1.7.0.jdk/Contents/Home/jre/lib/./libnet.dylib
0x000000015f153000 	/System/Library/javafx-sdk2.2.0-beta/rt/lib/libjavafx-font.dylib
0x000000000c70e000 	/System/Library/Frameworks/ApplicationServices.framework/Versions/A/Frameworks/CoreGraphics.framework/Versions/A/Resources/libCGXType.A.dylib
0x0000000160a7a000 	/Library/Java/JavaVirtualMachines/1.7.0.jdk/Contents/Home/jre/lib/libawt.dylib
0x0000000160c0a000 	/Library/Java/JavaVirtualMachines/1.7.0.jdk/Contents/Home/jre/lib/./libmlib_image.dylib
0x0000000160d39000 	/Library/Java/JavaVirtualMachines/1.7.0.jdk/Contents/Home/jre/lib/lwawt/liblwawt.dylib
0x000000015d786000 	/Library/Java/JavaVirtualMachines/1.7.0.jdk/Contents/Home/jre/lib/libosxapp.dylib
0x000000015ef3d000 	/System/Library/Frameworks/ExceptionHandling.framework/Versions/A/ExceptionHandling

VM Arguments:
jvm_args: -Dfile.encoding=UTF-8 
java_command: oit.iloop.kiosk.test.MainApplicationClass
Launcher Type: SUN_STANDARD

Environment Variables:
PATH=/usr/bin:/bin:/usr/sbin:/sbin
SHELL=/bin/bash

Signal Handlers:
SIGSEGV: [libjvm.dylib+0x4a1961], sa_mask[0]=0xfffefeff, sa_flags=0x00000042
SIGBUS: [libjvm.dylib+0x4a1961], sa_mask[0]=0xfffefeff, sa_flags=0x00000042
SIGFPE: [libjvm.dylib+0x3b173d], sa_mask[0]=0xfffefeff, sa_flags=0x00000042
SIGPIPE: [libjvm.dylib+0x3b173d], sa_mask[0]=0xfffefeff, sa_flags=0x00000042
SIGXFSZ: [libjvm.dylib+0x3b173d], sa_mask[0]=0xfffefeff, sa_flags=0x00000042
SIGILL: [libjvm.dylib+0x3b173d], sa_mask[0]=0xfffefeff, sa_flags=0x00000042
SIGUSR1: SIG_DFL, sa_mask[0]=0x00000000, sa_flags=0x00000002
SIGUSR2: [libjvm.dylib+0x3b12ca], sa_mask[0]=0x00000004, sa_flags=0x00000042
SIGHUP: [libjvm.dylib+0x3af4ef], sa_mask[0]=0xfffefeff, sa_flags=0x00000042
SIGINT: [libjvm.dylib+0x3af4ef], sa_mask[0]=0xfffefeff, sa_flags=0x00000042
SIGTERM: [libjvm.dylib+0x3af4ef], sa_mask[0]=0xfffefeff, sa_flags=0x00000042
SIGQUIT: [libjvm.dylib+0x3af4ef], sa_mask[0]=0xfffefeff, sa_flags=0x00000042


---------------  S Y S T E M  ---------------

OS:Bsd
uname:Darwin 12.1.0 Darwin Kernel Version 12.1.0: Tue Aug 14 13:29:55 PDT 2012; root:xnu-2050.9.2~1/RELEASE_X86_64 x86_64
rlimit: STACK 8192k, CORE 0k, NPROC 709, NOFILE 10240
CPU:total 4 (2 cores per cpu, 2 threads per core) family 6 model 58 stepping 9, cmov, cx8, fxsr, mmx, sse, sse2, sse3, ssse3, sse4.1, sse4.2, popcnt, avx, ht, tsc, tscinvbit, tscinv

Memory: 4k page, physical 4962144k(1240536k free)

/proc/meminfo:


vm_info: Java HotSpot(TM) 64-Bit Server VM (23.1-b03) for bsd-amd64 JRE (1.7.0_05-b05), built on May 17 2012 19:38:23 by "java_re" with gcc 4.2.1 (Based on Apple Inc. build 5658) (LLVM build 2336.1.00)

time: Tue Sep 11 23:30:07 2012
elapsed time: 1 seconds

